0 verbose cli /usr/local/bin/node /usr/local/bin/npm
1 info using npm@8.19.2
2 info using node@v18.10.0
3 timing npm:load:whichnode Completed in 1ms
4 timing config:load:defaults Completed in 16ms
5 timing config:load:file:/usr/local/lib/node_modules/npm/npmrc Completed in 9ms
6 timing config:load:builtin Completed in 20ms
7 timing config:load:cli Completed in 19ms
8 timing config:load:env Completed in 0ms
9 timing config:load:file:/app/.npmrc Completed in 32ms
10 timing config:load:project Completed in 78ms
11 timing config:load:file:/root/.npmrc Completed in 1ms
12 timing config:load:user Completed in 1ms
13 timing config:load:file:/usr/local/etc/npmrc Completed in 29ms
14 timing config:load:global Completed in 34ms
15 timing config:load:validate Completed in 1ms
16 timing config:load:credentials Completed in 11ms
17 timing config:load:setEnvs Completed in 3ms
18 timing config:load Completed in 184ms
19 timing npm:load:configload Completed in 185ms
20 timing npm:load:mkdirpcache Completed in 17ms
21 timing npm:load:mkdirplogs Completed in 12ms
22 verbose title npm run dev
23 verbose argv "run" "dev"
24 timing npm:load:setTitle Completed in 2ms
25 timing config:load:flatten Completed in 9ms
26 timing npm:load:display Completed in 13ms
27 verbose logfile logs-max:10 dir:/root/.npm/_logs
28 verbose logfile /root/.npm/_logs/2022-10-08T13_01_58_288Z-debug-0.log
29 timing npm:load:logFile Completed in 286ms
30 timing npm:load:timers Completed in 1ms
31 timing npm:load:configScope Completed in 1ms
32 timing npm:load Completed in 532ms
33 silly logfile start cleaning logs, removing 1 files
34 silly logfile done cleaning log files
35 timing command:run Completed in 43823ms
36 verbose exit 0
37 timing npm Completed in 44447ms
38 info ok
